<?xml version="1.0" encoding="UTF-8"?>
<testng-results total="1" passed="1" failed="0" skipped="0">
  <reporter-output>
  </reporter-output>
  <suite started-at="2019-08-22T15:01:17Z" name="Suite" finished-at="2019-08-22T15:04:01Z" duration-ms="164244">
    <groups>
    </groups>
    <test started-at="2019-08-22T15:01:17Z" name="Test" finished-at="2019-08-22T15:04:01Z" duration-ms="164244">
      <class name="tests.NewTest2">
        <test-method is-config="true" signature="setUp()[pri:0, instance:tests.NewTest2@57a3af25]" started-at="2019-08-22T11:01:17Z" name="setUp" finished-at="2019-08-22T11:01:21Z" duration-ms="4699" status="PASS">
          <reporter-output>
          </reporter-output>
        </test-method> <!-- setUp -->
        <test-method signature="testUntitledTestCase()[pri:0, instance:tests.NewTest2@57a3af25]" started-at="2019-08-22T11:01:21Z" name="testUntitledTestCase" finished-at="2019-08-22T11:03:59Z" duration-ms="157341" status="PASS">
          <reporter-output>
          </reporter-output>
        </test-method> <!-- testUntitledTestCase -->
        <test-method is-config="true" signature="afterClass()[pri:0, instance:tests.NewTest2@57a3af25]" started-at="2019-08-22T11:03:59Z" name="afterClass" finished-at="2019-08-22T11:04:01Z" duration-ms="2185" status="PASS">
          <reporter-output>
          </reporter-output>
        </test-method> <!-- afterClass -->
      </class> <!-- tests.NewTest2 -->
    </test> <!-- Test -->
  </suite> <!-- Suite -->
</testng-results>
